<?xml version="1.0" encoding="UTF-8"?>
<testsuite xmlns:xsi="http://www.w3.org/2001/XMLSchema-instance" xsi:noNamespaceSchemaLocation="https://maven.apache.org/surefire/maven-surefire-plugin/xsd/surefire-test-report-3.0.xsd" version="3.0" name="com.indira.opsconsole.detection.CaseDetectionTest" time="50.248" tests="5" errors="0" skipped="0" failures="0">
  <properties>
[...]
</properties>
  <testcase name="pendingDp_createsMediumCase" classname="com.indira.opsconsole.detection.CaseDetectionTest" time="2.624">
    <system-out><![CDATA[Standard Commons Logging discovery in action with spring-jcl: please remove commons-logging.jar from classpath in order to avoid potential conflicts
20:49:06.858 [main] INFO org.springframework.test.context.support.AnnotationConfigContextLoaderUtils -- Could not detect default configuration classes for test class [com.indira.opsconsole.detection.CaseDetectionTest]: CaseDetectionTest does not declare any static, non-private, non-final, nested classes annotated with @Configuration.
20:49:07.531 [main] INFO org.springframework.boot.test.context.SpringBootTestContextBootstrapper -- Found @SpringBootConfiguration com.indira.opsconsole.OpsConsoleApplication for test class com.indira.opsconsole.detection.CaseDetectionTest

  .   ____          _            __ _ _
 /\\ / ___'_ __ _ _(_)_ __  __ _ \ \ \ \
( ( )\___ | '_ | '_| | '_ \/ _` | \ \ \ \
 \\/  ___)| |_)| | | | | || (_| |  ) ) ) )
  '  |____| .__|_| |_|_| |_\__, | / / / /
 =========|_|==============|___/=/_/_/_/
 :: Spring Boot ::                (v3.2.5)

2026-09-22T20:49:10.540+05:30  INFO 30328 --- [ops-console] [           main] c.i.o.detection.CaseDetectionTest        : Starting CaseDetectionTest using Java 21.0.11 with PID 30328 (started by samarthgupta7909 in E:\Desktop\Projects\indiraSecurity\backend)
2026-09-22T20:49:10.542+05:30 DEBUG 30328 --- [ops-console] [           main] c.i.o.detection.CaseDetectionTest        : Running with Spring Boot v3.2.5, Spring v6.1.6
2026-09-22T20:49:10.544+05:30  INFO 30328 --- [ops-console] [           main] c.i.o.detection.CaseDetectionTest        : The following 1 profile is active: "test"
2026-09-22T20:49:18.324+05:30  INFO 30328 --- [ops-console] [           main] .s.d.r.c.RepositoryConfigurationDelegate : Bootstrapping Spring Data JPA repositories in DEFAULT mode.
2026-09-22T20:49:19.806+05:30  INFO 30328 --- [ops-console] [           main] .s.d.r.c.RepositoryConfigurationDelegate : Finished Spring Data repository scanning in 1342 ms. Found 12 JPA repository interfaces.
2026-09-22T20:49:24.026+05:30  INFO 30328 --- [ops-console] [           main] com.zaxxer.hikari.HikariDataSource       : HikariPool-1 - Starting...
2026-09-22T20:49:24.151+05:30 ERROR 30328 --- [ops-console] [           main] org.sqlite.SQLiteJDBCLoader              : Failed to open directory

java.nio.file.AccessDeniedException: C:\WINDOWS\TEMP
	at java.base/sun.nio.fs.WindowsException.translateToIOException(WindowsException.java:89) ~[na:na]
	at java.base/sun.nio.fs.WindowsException.rethrowAsIOException(WindowsException.java:103) ~[na:na]
	at java.base/sun.nio.fs.WindowsException.rethrowAsIOException(WindowsException.java:108) ~[na:na]
	at java.base/sun.nio.fs.WindowsDirectoryStream.<init>(WindowsDirectoryStream.java:86) ~[na:na]
	at java.base/sun.nio.fs.WindowsFileSystemProvider.newDirectoryStream(WindowsFileSystemProvider.java:541) ~[na:na]
	at java.base/java.nio.file.Files.newDirectoryStream(Files.java:481) ~[na:na]
	at java.base/java.nio.file.Files.list(Files.java:3772) ~[na:na]
	at org.sqlite.SQLiteJDBCLoader.cleanup(SQLiteJDBCLoader.java:90) ~[sqlite-jdbc-3.45.3.0.jar:na]
	at org.sqlite.SQLiteJDBCLoader.initialize(SQLiteJDBCLoader.java:73) ~[sqlite-jdbc-3.45.3.0.jar:na]
	at org.sqlite.core.NativeDB.load(NativeDB.java:69) ~[sqlite-jdbc-3.45.3.0.jar:na]
	at org.sqlite.SQLiteConnection.open(SQLiteConnection.java:280) ~[sqlite-jdbc-3.45.3.0.jar:na]
	at org.sqlite.SQLiteConnection.<init>(SQLiteConnection.java:67) ~[sqlite-jdbc-3.45.3.0.jar:na]
	at org.sqlite.jdbc3.JDBC3Connection.<init>(JDBC3Connection.java:28) ~[sqlite-jdbc-3.45.3.0.jar:na]
	at org.sqlite.jdbc4.JDBC4Connection.<init>(JDBC4Connection.java:19) ~[sqlite-jdbc-3.45.3.0.jar:na]
	at org.sqlite.JDBC.createConnection(JDBC.java:106) ~[sqlite-jdbc-3.45.3.0.jar:na]
	at org.sqlite.JDBC.connect(JDBC.java:79) ~[sqlite-jdbc-3.45.3.0.jar:na]
	at com.zaxxer.hikari.util.DriverDataSource.getConnection(DriverDataSource.java:121) ~[HikariCP-5.0.1.jar:na]
	at com.zaxxer.hikari.pool.PoolBase.newConnection(PoolBase.java:359) ~[HikariCP-5.0.1.jar:na]
	at com.zaxxer.hikari.pool.PoolBase.newPoolEntry(PoolBase.java:201) ~[HikariCP-5.0.1.jar:na]
	at com.zaxxer.hikari.pool.HikariPool.createPoolEntry(HikariPool.java:470) ~[HikariCP-5.0.1.jar:na]
	at com.zaxxer.hikari.pool.HikariPool.checkFailFast(HikariPool.java:561) ~[HikariCP-5.0.1.jar:na]
	at com.zaxxer.hikari.pool.HikariPool.<init>(HikariPool.java:100) ~[HikariCP-5.0.1.jar:na]
	at com.zaxxer.hikari.HikariDataSource.getConnection(HikariDataSource.java:112) ~[HikariCP-5.0.1.jar:na]
	at org.flywaydb.core.api.configuration.ClassicConfiguration.setDataSource(ClassicConfiguration.java:1094) ~[flyway-core-9.22.3.jar:na]
	at org.flywaydb.core.api.configuration.FluentConfiguration.dataSource(FluentConfiguration.java:624) ~[flyway-core-9.22.3.jar:na]
	at org.springframework.boot.autoconfigure.flyway.FlywayAutoConfiguration$FlywayConfiguration.configureDataSource(FlywayAutoConfiguration.java:185) ~[spring-boot-autoconfigure-3.2.5.jar:3.2.5]
	at org.springframework.boot.autoconfigure.flyway.FlywayAutoConfiguration$FlywayConfiguration.flyway(FlywayAutoConfiguration.java:172) ~[spring-boot-autoconfigure-3.2.5.jar:3.2.5]
	at java.base/jdk.internal.reflect.DirectMethodHandleAccessor.invoke(DirectMethodHandleAccessor.java:103) ~[na:na]
	at java.base/java.lang.reflect.Method.invoke(Method.java:580) ~[na:na]
	at org.springframework.beans.factory.support.SimpleInstantiationStrategy.instantiate(SimpleInstantiationStrategy.java:140) ~[spring-beans-6.1.6.jar:6.1.6]
	at org.springframework.beans.factory.support.ConstructorResolver.instantiate(ConstructorResolver.java:644) ~[spring-beans-6.1.6.jar:6.1.6]
	at org.springframework.beans.factory.support.ConstructorResolver.instantiateUsingFactoryMethod(ConstructorResolver.java:636) ~[spring-beans-6.1.6.jar:6.1.6]
	at org.springframework.beans.factory.support.AbstractAutowireCapableBeanFactory.instantiateUsingFactoryMethod(AbstractAutowireCapableBeanFactory.java:1335) ~[spring-beans-6.1.6.jar:6.1.6]
	at org.springframework.beans.factory.support.AbstractAutowireCapableBeanFactory.createBeanInstance(AbstractAutowireCapableBeanFactory.java:1165) ~[spring-beans-6.1.6.jar:6.1.6]
	at org.springframework.beans.factory.support.AbstractAutowireCapableBeanFactory.doCreateBean(AbstractAutowireCapableBeanFactory.java:562) ~[spring-beans-6.1.6.jar:6.1.6]
	at org.springframework.beans.factory.support.AbstractAutowireCapableBeanFactory.createBean(AbstractAutowireCapableBeanFactory.java:522) ~[spring-beans-6.1.6.jar:6.1.6]
	at org.springframework.beans.factory.support.AbstractBeanFactory.lambda$doGetBean$0(AbstractBeanFactory.java:326) ~[spring-beans-6.1.6.jar:6.1.6]
	at org.springframework.beans.factory.support.DefaultSingletonBeanRegistry.getSingleton(DefaultSingletonBeanRegistry.java:234) ~[spring-beans-6.1.6.jar:6.1.6]
	at org.springframework.beans.factory.support.AbstractBeanFactory.doGetBean(AbstractBeanFactory.java:324) ~[spring-beans-6.1.6.jar:6.1.6]
	at org.springframework.beans.factory.support.AbstractBeanFactory.getBean(AbstractBeanFactory.java:200) ~[spring-beans-6.1.6.jar:6.1.6]
	at org.springframework.beans.factory.support.AbstractBeanFactory.doGetBean(AbstractBeanFactory.java:313) ~[spring-beans-6.1.6.jar:6.1.6]
	at org.springframework.beans.factory.support.AbstractBeanFactory.getBean(AbstractBeanFactory.java:200) ~[spring-beans-6.1.6.jar:6.1.6]
	at org.springframework.context.support.AbstractApplicationContext.getBean(AbstractApplicationContext.java:1234) ~[spring-context-6.1.6.jar:6.1.6]
	at org.springframework.context.support.AbstractApplicationContext.finishBeanFactoryInitialization(AbstractApplicationContext.java:952) ~[spring-context-6.1.6.jar:6.1.6]
	at org.springframework.context.support.AbstractApplicationContext.refresh(AbstractApplicationContext.java:624) ~[spring-context-6.1.6.jar:6.1.6]
	at org.springframework.boot.SpringApplication.refresh(SpringApplication.java:754) ~[spring-boot-3.2.5.jar:3.2.5]
	at org.springframework.boot.SpringApplication.refreshContext(SpringApplication.java:456) ~[spring-boot-3.2.5.jar:3.2.5]
	at org.springframework.boot.SpringApplication.run(SpringApplication.java:334) ~[spring-boot-3.2.5.jar:3.2.5]
	at org.springframework.boot.test.context.SpringBootContextLoader.lambda$loadContext$3(SpringBootContextLoader.java:137) ~[spring-boot-test-3.2.5.jar:3.2.5]
	at org.springframework.util.function.ThrowingSupplier.get(ThrowingSupplier.java:58) ~[spring-core-6.1.6.jar:6.1.6]
	at org.springframework.util.function.ThrowingSupplier.get(ThrowingSupplier.java:46) ~[spring-core-6.1.6.jar:6.1.6]
	at org.springframework.boot.SpringApplication.withHook(SpringApplication.java:1454) ~[spring-boot-3.2.5.jar:3.2.5]
	at org.springframework.boot.test.context.SpringBootContextLoader$ContextLoaderHook.run(SpringBootContextLoader.java:553) ~[spring-boot-test-3.2.5.jar:3.2.5]
	at org.springframework.boot.test.context.SpringBootContextLoader.loadContext(SpringBootContextLoader.java:137) ~[spring-boot-test-3.2.5.jar:3.2.5]
	at org.springframework.boot.test.context.SpringBootContextLoader.loadContext(SpringBootContextLoader.java:108) ~[spring-boot-test-3.2.5.jar:3.2.5]
	at org.springframework.test.context.cache.DefaultCacheAwareContextLoaderDelegate.loadContextInternal(DefaultCacheAwareContextLoaderDelegate.java:225) ~[spring-test-6.1.6.jar:6.1.6]
	at org.springframework.test.context.cache.DefaultCacheAwareContextLoaderDelegate.loadContext(DefaultCacheAwareContextLoaderDelegate.java:152) ~[spring-test-6.1.6.jar:6.1.6]
	at org.springframework.test.context.support.DefaultTestContext.getApplicationContext(DefaultTestContext.java:130) ~[spring-test-6.1.6.jar:6.1.6]
	at org.springframework.test.context.web.ServletTestExecutionListener.setUpRequestContextIfNecessary(ServletTestExecutionListener.java:191) ~[spring-test-6.1.6.jar:6.1.6]
	at org.springframework.test.context.web.ServletTestExecutionListener.prepareTestInstance(ServletTestExecutionListener.java:130) ~[spring-test-6.1.6.jar:6.1.6]
	at org.springframework.test.context.TestContextManager.prepareTestInstance(TestContextManager.java:260) ~[spring-test-6.1.6.jar:6.1.6]
	at org.springframework.test.context.junit.jupiter.SpringExtension.postProcessTestInstance(SpringExtension.java:163) ~[spring-test-6.1.6.jar:6.1.6]
	at org.junit.jupiter.engine.descriptor.ClassBasedTestDescriptor.lambda$invokeTestInstancePostProcessors$10(ClassBasedTestDescriptor.java:378) ~[junit-jupiter-engine-5.10.2.jar:5.10.2]
	at org.junit.jupiter.engine.descriptor.ClassBasedTestDescriptor.executeAndMaskThrowable(ClassBasedTestDescriptor.java:383) ~[junit-jupiter-engine-5.10.2.jar:5.10.2]
	at org.junit.jupiter.engine.descriptor.ClassBasedTestDescriptor.lambda$invokeTestInstancePostProcessors$11(ClassBasedTestDescriptor.java:378) ~[junit-jupiter-engine-5.10.2.jar:5.10.2]
	at java.base/java.util.stream.ReferencePipeline$3$1.accept(ReferencePipeline.java:197) ~[na:na]
	at java.base/java.util.stream.ReferencePipeline$2$1.accept(ReferencePipeline.java:179) ~[na:na]
	at java.base/java.util.ArrayList$ArrayListSpliterator.forEachRemaining(ArrayList.java:1708) ~[na:na]
	at java.base/java.util.stream.AbstractPipeline.copyInto(AbstractPipeline.java:509) ~[na:na]
	at java.base/java.util.stream.AbstractPipeline.wrapAndCopyInto(AbstractPipeline.java:499) ~[na:na]
	at java.base/java.util.stream.StreamSpliterators$WrappingSpliterator.forEachRemaining(StreamSpliterators.java:310) ~[na:na]
	at java.base/java.util.stream.Streams$ConcatSpliterator.forEachRemaining(Streams.java:735) ~[na:na]
	at java.base/java.util.stream.Streams$ConcatSpliterator.forEachRemaining(Streams.java:734) ~[na:na]
	at java.base/java.util.stream.ReferencePipeline$Head.forEach(ReferencePipeline.java:762) ~[na:na]
	at org.junit.jupiter.engine.descriptor.ClassBasedTestDescriptor.invokeTestInstancePostProcessors(ClassBasedTestDescriptor.java:377) ~[junit-jupiter-engine-5.10.2.jar:5.10.2]
	at org.junit.jupiter.engine.descriptor.ClassBasedTestDescriptor.lambda$instantiateAndPostProcessTestInstance$6(ClassBasedTestDescriptor.java:290) ~[junit-jupiter-engine-5.10.2.jar:5.10.2]
	at org.junit.platform.engine.support.hierarchical.ThrowableCollector.execute(ThrowableCollector.java:73) ~[junit-platform-engine-1.10.2.jar:1.10.2]
	at org.junit.jupiter.engine.descriptor.ClassBasedTestDescriptor.instantiateAndPostProcessTestInstance(ClassBasedTestDescriptor.java:289) ~[junit-jupiter-engine-5.10.2.jar:5.10.2]
	at org.junit.jupiter.engine.descriptor.ClassBasedTestDescriptor.lambda$testInstancesProvider$4(ClassBasedTestDescriptor.java:279) ~[junit-jupiter-engine-5.10.2.jar:5.10.2]
	at java.base/java.util.Optional.orElseGet(Optional.java:364) ~[na:na]
	at org.junit.jupiter.engine.descriptor.ClassBasedTestDescriptor.lambda$testInstancesProvider$5(ClassBasedTestDescriptor.java:278) ~[junit-jupiter-engine-5.10.2.jar:5.10.2]
	at org.junit.jupiter.engine.execution.TestInstancesProvider.getTestInstances(TestInstancesProvider.java:31) ~[junit-jupiter-engine-5.10.2.jar:5.10.2]
	at org.junit.jupiter.engine.descriptor.TestMethodTestDescriptor.lambda$prepare$0(TestMethodTestDescriptor.java:106) ~[junit-jupiter-engine-5.10.2.jar:5.10.2]
	at org.junit.platform.engine.support.hierarchical.ThrowableCollector.execute(ThrowableCollector.java:73) ~[junit-platform-engine-1.10.2.jar:1.10.2]
	at org.junit.jupiter.engine.descriptor.TestMethodTestDescriptor.prepare(TestMethodTestDescriptor.java:105) ~[junit-jupiter-engine-5.10.2.jar:5.10.2]
	at org.junit.jupiter.engine.descriptor.TestMethodTestDescriptor.prepare(TestMethodTestDescriptor.java:69) ~[junit-jupiter-engine-5.10.2.jar:5.10.2]
	at org.junit.platform.engine.support.hierarchical.NodeTestTask.lambda$prepare$2(NodeTestTask.java:123) ~[junit-platform-engine-1.10.2.jar:1.10.2]
	at org.junit.platform.engine.support.hierarchical.ThrowableCollector.execute(ThrowableCollector.java:73) ~[junit-platform-engine-1.10.2.jar:1.10.2]
	at org.junit.platform.engine.support.hierarchical.NodeTestTask.prepare(NodeTestTask.java:123) ~[junit-platform-engine-1.10.2.jar:1.10.2]
	at org.junit.platform.engine.support.hierarchical.NodeTestTask.execute(NodeTestTask.java:90) ~[junit-platform-engine-1.10.2.jar:1.10.2]
	at java.base/java.util.ArrayList.forEach(ArrayList.java:1596) ~[na:na]
	at org.junit.platform.engine.support.hierarchical.SameThreadHierarchicalTestExecutorService.invokeAll(SameThreadHierarchicalTestExecutorService.java:41) ~[junit-platform-engine-1.10.2.jar:1.10.2]
	at org.junit.platform.engine.support.hierarchical.NodeTestTask.lambda$executeRecursively$6(NodeTestTask.java:155) ~[junit-platform-engine-1.10.2.jar:1.10.2]
	at org.junit.platform.engine.support.hierarchical.ThrowableCollector.execute(ThrowableCollector.java:73) ~[junit-platform-engine-1.10.2.jar:1.10.2]
	at org.junit.platform.engine.support.hierarchical.NodeTestTask.lambda$executeRecursively$8(NodeTestTask.java:141) ~[junit-platform-engine-1.10.2.jar:1.10.2]
	at org.junit.platform.engine.support.hierarchical.Node.around(Node.java:137) ~[junit-platform-engine-1.10.2.jar:1.10.2]
	at org.junit.platform.engine.support.hierarchical.NodeTestTask.lambda$executeRecursively$9(NodeTestTask.java:139) ~[junit-platform-engine-1.10.2.jar:1.10.2]
	at org.junit.platform.engine.support.hierarchical.ThrowableCollector.execute(ThrowableCollector.java:73) ~[junit-platform-engine-1.10.2.jar:1.10.2]
	at org.junit.platform.engine.support.hierarchical.NodeTestTask.executeRecursively(NodeTestTask.java:138) ~[junit-platform-engine-1.10.2.jar:1.10.2]
	at org.junit.platform.engine.support.hierarchical.NodeTestTask.execute(NodeTestTask.java:95) ~[junit-platform-engine-1.10.2.jar:1.10.2]
	at java.base/java.util.ArrayList.forEach(ArrayList.java:1596) ~[na:na]
	at org.junit.platform.engine.support.hierarchical.SameThreadHierarchicalTestExecutorService.invokeAll(SameThreadHierarchicalTestExecutorService.java:41) ~[junit-platform-engine-1.10.2.jar:1.10.2]
	at org.junit.platform.engine.support.hierarchical.NodeTestTask.lambda$executeRecursively$6(NodeTestTask.java:155) ~[junit-platform-engine-1.10.2.jar:1.10.2]
	at org.junit.platform.engine.support.hierarchical.ThrowableCollector.execute(ThrowableCollector.java:73) ~[junit-platform-engine-1.10.2.jar:1.10.2]
	at org.junit.platform.engine.support.hierarchical.NodeTestTask.lambda$executeRecursively$8(NodeTestTask.java:141) ~[junit-platform-engine-1.10.2.jar:1.10.2]
	at org.junit.platform.engine.support.hierarchical.Node.around(Node.java:137) ~[junit-platform-engine-1.10.2.jar:1.10.2]
	at org.junit.platform.engine.support.hierarchical.NodeTestTask.lambda$executeRecursively$9(NodeTestTask.java:139) ~[junit-platform-engine-1.10.2.jar:1.10.2]
	at org.junit.platform.engine.support.hierarchical.ThrowableCollector.execute(ThrowableCollector.java:73) ~[junit-platform-engine-1.10.2.jar:1.10.2]
	at org.junit.platform.engine.support.hierarchical.NodeTestTask.executeRecursively(NodeTestTask.java:138) ~[junit-platform-engine-1.10.2.jar:1.10.2]
	at org.junit.platform.engine.support.hierarchical.NodeTestTask.execute(NodeTestTask.java:95) ~[junit-platform-engine-1.10.2.jar:1.10.2]
	at org.junit.platform.engine.support.hierarchical.SameThreadHierarchicalTestExecutorService.submit(SameThreadHierarchicalTestExecutorService.java:35) ~[junit-platform-engine-1.10.2.jar:1.10.2]
	at org.junit.platform.engine.support.hierarchical.HierarchicalTestExecutor.execute(HierarchicalTestExecutor.java:57) ~[junit-platform-engine-1.10.2.jar:1.10.2]
	at org.junit.platform.engine.support.hierarchical.HierarchicalTestEngine.execute(HierarchicalTestEngine.java:54) ~[junit-platform-engine-1.10.2.jar:1.10.2]
	at org.junit.platform.launcher.core.EngineExecutionOrchestrator.execute(EngineExecutionOrchestrator.java:198) ~[junit-platform-launcher-1.10.2.jar:1.10.2]
	at org.junit.platform.launcher.core.EngineExecutionOrchestrator.execute(EngineExecutionOrchestrator.java:169) ~[junit-platform-launcher-1.10.2.jar:1.10.2]
	at org.junit.platform.launcher.core.EngineExecutionOrchestrator.execute(EngineExecutionOrchestrator.java:93) ~[junit-platform-launcher-1.10.2.jar:1.10.2]
	at org.junit.platform.launcher.core.EngineExecutionOrchestrator.lambda$execute$0(EngineExecutionOrchestrator.java:58) ~[junit-platform-launcher-1.10.2.jar:1.10.2]
	at org.junit.platform.launcher.core.EngineExecutionOrchestrator.withInterceptedStreams(EngineExecutionOrchestrator.java:141) ~[junit-platform-launcher-1.10.2.jar:1.10.2]
	at org.junit.platform.launcher.core.EngineExecutionOrchestrator.execute(EngineExecutionOrchestrator.java:57) ~[junit-platform-launcher-1.10.2.jar:1.10.2]
	at org.junit.platform.launcher.core.DefaultLauncher.execute(DefaultLauncher.java:103) ~[junit-platform-launcher-1.10.2.jar:1.10.2]
	at org.junit.platform.launcher.core.DefaultLauncher.execute(DefaultLauncher.java:85) ~[junit-platform-launcher-1.10.2.jar:1.10.2]
	at org.junit.platform.launcher.core.DelegatingLauncher.execute(DelegatingLauncher.java:47) ~[junit-platform-launcher-1.10.2.jar:1.10.2]
	at org.apache.maven.surefire.junitplatform.LazyLauncher.execute(LazyLauncher.java:56) ~[surefire-junit-platform-3.1.2.jar:3.1.2]
	at org.apache.maven.surefire.junitplatform.JUnitPlatformProvider.execute(JUnitPlatformProvider.java:184) ~[surefire-junit-platform-3.1.2.jar:3.1.2]
	at org.apache.maven.surefire.junitplatform.JUnitPlatformProvider.invokeAllTests(JUnitPlatformProvider.java:148) ~[surefire-junit-platform-3.1.2.jar:3.1.2]
	at org.apache.maven.surefire.junitplatform.JUnitPlatformProvider.invoke(JUnitPlatformProvider.java:122) ~[surefire-junit-platform-3.1.2.jar:3.1.2]
	at org.apache.maven.surefire.booter.ForkedBooter.runSuitesInProcess(ForkedBooter.java:385) ~[surefire-booter-3.1.2.jar:3.1.2]
	at org.apache.maven.surefire.booter.ForkedBooter.execute(ForkedBooter.java:162) ~[surefire-booter-3.1.2.jar:3.1.2]
	at org.apache.maven.surefire.booter.ForkedBooter.run(ForkedBooter.java:507) ~[surefire-booter-3.1.2.jar:3.1.2]
	at org.apache.maven.surefire.booter.ForkedBooter.main(ForkedBooter.java:495) ~[surefire-booter-3.1.2.jar:3.1.2]

2026-09-22T20:49:24.784+05:30  INFO 30328 --- [ops-console] [           main] com.zaxxer.hikari.pool.HikariPool        : HikariPool-1 - Added connection org.sqlite.jdbc4.JDBC4Connection@37a67cf
2026-09-22T20:49:24.791+05:30  INFO 30328 --- [ops-console] [           main] com.zaxxer.hikari.HikariDataSource       : HikariPool-1 - Start completed.
2026-09-22T20:49:26.580+05:30  INFO 30328 --- [ops-console] [           main] o.hibernate.jpa.internal.util.LogHelper  : HHH000204: Processing PersistenceUnitInfo [name: default]
2026-09-22T20:49:27.096+05:30  INFO 30328 --- [ops-console] [           main] org.hibernate.Version                    : HHH000412: Hibernate ORM core version 6.4.4.Final
2026-09-22T20:49:27.277+05:30  INFO 30328 --- [ops-console] [           main] o.h.c.internal.RegionFactoryInitiator    : HHH000026: Second-level cache disabled
2026-09-22T20:49:28.383+05:30  INFO 30328 --- [ops-console] [           main] o.s.o.j.p.SpringPersistenceUnitInfo      : No LoadTimeWeaver setup: ignoring JPA class transformer
2026-09-22T20:49:33.732+05:30  INFO 30328 --- [ops-console] [           main] o.h.e.t.j.p.i.JtaPlatformInitiator       : HHH000489: No JTA platform available (set 'hibernate.transaction.jta.platform' to enable JTA platform integration)
2026-09-22T20:49:33.751+05:30  INFO 30328 --- [ops-console] [           main] j.LocalContainerEntityManagerFactoryBean : Initialized JPA EntityManagerFactory for persistence unit 'default'
2026-09-22T20:49:35.206+05:30  INFO 30328 --- [ops-console] [           main] o.s.d.j.r.query.QueryEnhancerFactory     : Hibernate is in classpath; If applicable, HQL parser will be used.
2026-09-22T20:49:42.215+05:30  INFO 30328 --- [ops-console] [           main] o.s.b.a.e.web.EndpointLinksResolver      : Exposing 3 endpoint(s) beneath base path '/actuator'
2026-09-22T20:49:45.131+05:30  INFO 30328 --- [ops-console] [           main] c.i.o.detection.CaseDetectionTest        : Started CaseDetectionTest in 36.612 seconds (process running for 42.337)
2026-09-22T20:49:47.140+05:30 DEBUG 30328 --- [ops-console] [           main] c.indira.opsconsole.ingest.DataSeeder    : Updated BCrypt hash for user: support1
2026-09-22T20:49:48.203+05:30 DEBUG 30328 --- [ops-console] [           main] c.indira.opsconsole.ingest.DataSeeder    : Updated BCrypt hash for user: invest1
2026-09-22T20:49:49.064+05:30 DEBUG 30328 --- [ops-console] [           main] c.indira.opsconsole.ingest.DataSeeder    : Updated BCrypt hash for user: opsleader
2026-09-22T20:49:49.817+05:30 DEBUG 30328 --- [ops-console] [           main] c.indira.opsconsole.ingest.DataSeeder    : Updated BCrypt hash for user: auditor1
2026-09-22T20:49:49.817+05:30  INFO 30328 --- [ops-console] [           main] c.indira.opsconsole.ingest.DataSeeder    : Demo users seeded.
2026-09-22T20:49:50.010+05:30  INFO 30328 --- [ops-console] [           main] c.i.o.detection.CaseDetectionService     : Running case detection for cut=2024-09-16T18:00:00Z triggered by stream=HOLDINGS
2026-09-22T20:49:50.376+05:30  INFO 30328 --- [ops-console] [           main] c.i.o.detection.CaseDetectionService     : Detection complete: created=10 reopened=0 matched=0
2026-09-22T20:49:50.382+05:30  INFO 30328 --- [ops-console] [           main] c.i.opsconsole.ingest.IngestService      : Ingest complete: stream=HOLDINGS sourceFileId=57036a2d-647f-4873-b796-9b32134bbb6a rows=10 errors=0 casesCreated=10 casesReopened=0
2026-09-22T20:49:50.391+05:30  INFO 30328 --- [ops-console] [           main] c.indira.opsconsole.ingest.DataSeeder    : Seed imported: holdings_snapshot.csv rows=10 errors=0 casesCreated=10
2026-09-22T20:49:50.641+05:30  INFO 30328 --- [ops-console] [           main] c.i.o.detection.CaseDetectionService     : Running case detection for cut=2024-09-16T18:00:00Z triggered by stream=DP_EXTRACT
2026-09-22T20:49:50.930+05:30  INFO 30328 --- [ops-console] [           main] c.i.o.detection.CaseDetectionService     : Detection complete: created=4 reopened=0 matched=6
2026-09-22T20:49:50.930+05:30  INFO 30328 --- [ops-console] [           main] c.i.opsconsole.ingest.IngestService      : Ingest complete: stream=DP_EXTRACT sourceFileId=fe6493e4-d262-4a4b-aaaa-05449b2e2b39 rows=10 errors=0 casesCreated=4 casesReopened=0
2026-09-22T20:49:50.933+05:30  INFO 30328 --- [ops-console] [           main] c.indira.opsconsole.ingest.DataSeeder    : Seed imported: dp_extract.html rows=10 errors=0 casesCreated=4
2026-09-22T20:49:51.016+05:30  INFO 30328 --- [ops-console] [           main] c.i.o.detection.CaseDetectionService     : Running case detection for cut=2024-09-16T15:30:00Z triggered by stream=CASH_LEDGER
2026-09-22T20:49:51.048+05:30  INFO 30328 --- [ops-console] [           main] c.i.o.detection.CaseDetectionService     : Detection complete: created=0 reopened=0 matched=0
2026-09-22T20:49:51.049+05:30  INFO 30328 --- [ops-console] [           main] c.i.opsconsole.ingest.IngestService      : Ingest complete: stream=CASH_LEDGER sourceFileId=656e8788-d755-4e64-82da-f79d073ae2f6 rows=13 errors=0 casesCreated=0 casesReopened=0
2026-09-22T20:49:51.076+05:30  INFO 30328 --- [ops-console] [           main] c.indira.opsconsole.ingest.DataSeeder    : Seed imported: cash_ledger.jsonl rows=13 errors=0 casesCreated=0
2026-09-22T20:49:51.131+05:30  INFO 30328 --- [ops-console] [           main] c.i.o.detection.CaseDetectionService     : Running case detection for cut=2024-09-16T00:00:00Z triggered by stream=BANK_CONFIRMATION
2026-09-22T20:49:51.191+05:30  INFO 30328 --- [ops-console] [           main] c.i.o.detection.CaseDetectionService     : Detection complete: created=1 reopened=0 matched=0
2026-09-22T20:49:51.191+05:30  INFO 30328 --- [ops-console] [           main] c.i.opsconsole.ingest.IngestService      : Ingest complete: stream=BANK_CONFIRMATION sourceFileId=07185f40-b303-4e58-8ab3-19c7f846a5a5 rows=11 errors=0 casesCreated=1 casesReopened=0
2026-09-22T20:49:51.200+05:30  INFO 30328 --- [ops-console] [           main] c.indira.opsconsole.ingest.DataSeeder    : Seed imported: bank_confirmation.csv rows=11 errors=0 casesCreated=1
2026-09-22T20:49:51.253+05:30  INFO 30328 --- [ops-console] [           main] c.i.o.detection.CaseDetectionService     : Running case detection for cut=2024-09-16T00:00:00Z triggered by stream=EXCHANGE_REF
2026-09-22T20:49:51.267+05:30  INFO 30328 --- [ops-console] [           main] c.i.o.detection.CaseDetectionService     : Detection complete: created=0 reopened=0 matched=0
2026-09-22T20:49:51.269+05:30  INFO 30328 --- [ops-console] [           main] c.i.opsconsole.ingest.IngestService      : Ingest complete: stream=EXCHANGE_REF sourceFileId=653553e6-cc77-4a12-89f4-ee042f7d1a0c rows=9 errors=0 casesCreated=0 casesReopened=0
2026-09-22T20:49:51.289+05:30  INFO 30328 --- [ops-console] [           main] c.indira.opsconsole.ingest.DataSeeder    : Seed imported: exchange_reference.csv rows=9 errors=0 casesCreated=0
2026-09-22T20:49:51.332+05:30  INFO 30328 --- [ops-console] [           main] c.i.opsconsole.ingest.IngestService      : Ingest complete: stream=ACCESS_SCOPES sourceFileId=17be3e03-d5e9-4195-9a19-c020c3314c71 rows=8 errors=0 casesCreated=0 casesReopened=0
2026-09-22T20:49:51.344+05:30  INFO 30328 --- [ops-console] [           main] c.indira.opsconsole.ingest.DataSeeder    : Seed imported: access_scopes.json rows=8 errors=0 casesCreated=0
2026-09-22T20:49:53.276+05:30  INFO 30328 --- [ops-console] [           main] c.i.o.detection.CaseDetectionService     : Running case detection for cut=2024-09-16T18:00:00Z triggered by stream=DP_EXTRACT
2026-09-22T20:49:53.683+05:30  INFO 30328 --- [ops-console] [           main] c.i.o.detection.CaseDetectionService     : Detection complete: created=1 reopened=0 matched=6
2026-09-22T20:49:53.684+05:30  INFO 30328 --- [ops-console] [           main] c.i.opsconsole.ingest.IngestService      : Ingest complete: stream=DP_EXTRACT sourceFileId=8d9bd71f-7d7b-4570-968b-540b240415cd rows=1 errors=0 casesCreated=1 casesReopened=0
]]></system-out>
    <system-err><![CDATA[WARNING: A Java agent has been loaded dynamically (C:\Users\sg940\.m2\repository\net\bytebuddy\byte-buddy-agent\1.14.13\byte-buddy-agent-1.14.13.jar)
WARNING: If a serviceability tool is in use, please run with -XX:+EnableDynamicAgentLoading to hide this warning
WARNING: If a serviceability tool is not in use, please run with -Djdk.instrument.traceUsage for more information
WARNING: Dynamic loading of agents will be disallowed by default in a future release
]]></system-err>
  </testcase>
  <testcase name="holdingMismatch_createsHighCase" classname="com.indira.opsconsole.detection.CaseDetectionTest" time="0.605">
    <system-out><![CDATA[2026-09-22T20:49:54.061+05:30  INFO 30328 --- [ops-console] [           main] c.i.o.detection.CaseDetectionService     : Running case detection for cut=2024-09-16T18:00:00Z triggered by stream=HOLDINGS
2026-09-22T20:49:54.314+05:30  INFO 30328 --- [ops-console] [           main] c.i.o.detection.CaseDetectionService     : Detection complete: created=1 reopened=0 matched=6
2026-09-22T20:49:54.314+05:30  INFO 30328 --- [ops-console] [           main] c.i.opsconsole.ingest.IngestService      : Ingest complete: stream=HOLDINGS sourceFileId=bebe2f2f-241c-4bf5-890e-f98bf6240e87 rows=1 errors=0 casesCreated=1 casesReopened=0
2026-09-22T20:49:54.334+05:30  INFO 30328 --- [ops-console] [           main] c.i.o.detection.CaseDetectionService     : Running case detection for cut=2024-09-16T18:00:00Z triggered by stream=DP_EXTRACT
2026-09-22T20:49:54.589+05:30  INFO 30328 --- [ops-console] [           main] c.i.o.detection.CaseDetectionService     : Detection complete: created=1 reopened=0 matched=6
2026-09-22T20:49:54.589+05:30  INFO 30328 --- [ops-console] [           main] c.i.opsconsole.ingest.IngestService      : Ingest complete: stream=DP_EXTRACT sourceFileId=141e7fc2-e525-45a7-9a1a-7c9e47739160 rows=1 errors=0 casesCreated=1 casesReopened=0
]]></system-out>
  </testcase>
  <testcase name="missingDp_createsMissingSourceCase" classname="com.indira.opsconsole.detection.CaseDetectionTest" time="0.339">
    <system-out><![CDATA[2026-09-22T20:49:54.650+05:30  INFO 30328 --- [ops-console] [           main] c.i.o.detection.CaseDetectionService     : Running case detection for cut=2024-09-16T18:00:00Z triggered by stream=HOLDINGS
2026-09-22T20:49:54.951+05:30  INFO 30328 --- [ops-console] [           main] c.i.o.detection.CaseDetectionService     : Detection complete: created=1 reopened=0 matched=6
2026-09-22T20:49:54.951+05:30  INFO 30328 --- [ops-console] [           main] c.i.opsconsole.ingest.IngestService      : Ingest complete: stream=HOLDINGS sourceFileId=7d890738-b2fd-4f66-81c7-0dc873281355 rows=1 errors=0 casesCreated=1 casesReopened=0
]]></system-out>
  </testcase>
  <testcase name="matchingHolding_noCase" classname="com.indira.opsconsole.detection.CaseDetectionTest" time="0.722">
    <system-out><![CDATA[2026-09-22T20:49:54.989+05:30  INFO 30328 --- [ops-console] [           main] c.i.o.detection.CaseDetectionService     : Running case detection for cut=2024-09-16T18:00:00Z triggered by stream=HOLDINGS
2026-09-22T20:49:55.257+05:30  INFO 30328 --- [ops-console] [           main] c.i.o.detection.CaseDetectionService     : Detection complete: created=1 reopened=0 matched=6
2026-09-22T20:49:55.257+05:30  INFO 30328 --- [ops-console] [           main] c.i.opsconsole.ingest.IngestService      : Ingest complete: stream=HOLDINGS sourceFileId=a5c6e58b-0ac2-438b-9883-6b6319ae255d rows=1 errors=0 casesCreated=1 casesReopened=0
2026-09-22T20:49:55.281+05:30  INFO 30328 --- [ops-console] [           main] c.i.o.detection.CaseDetectionService     : Running case detection for cut=2024-09-16T18:00:00Z triggered by stream=DP_EXTRACT
2026-09-22T20:49:55.679+05:30  INFO 30328 --- [ops-console] [           main] c.i.o.detection.CaseDetectionService     : Detection complete: created=0 reopened=0 matched=7
2026-09-22T20:49:55.679+05:30  INFO 30328 --- [ops-console] [           main] c.i.opsconsole.ingest.IngestService      : Ingest complete: stream=DP_EXTRACT sourceFileId=9b846eb3-2a70-4a80-9ab8-60fa1111810c rows=1 errors=0 casesCreated=0 casesReopened=0
]]></system-out>
  </testcase>
  <testcase name="duplicateUtr_conflictingEvidenceCase" classname="com.indira.opsconsole.detection.CaseDetectionTest" time="0.372">
    <system-out><![CDATA[2026-09-22T20:49:55.714+05:30  INFO 30328 --- [ops-console] [           main] c.i.o.detection.CaseDetectionService     : Running case detection for cut=2024-09-16T00:00:00Z triggered by stream=BANK_CONFIRMATION
2026-09-22T20:49:55.896+05:30  INFO 30328 --- [ops-console] [           main] c.i.o.detection.CaseDetectionService     : Detection complete: created=1 reopened=0 matched=0
2026-09-22T20:49:55.896+05:30  INFO 30328 --- [ops-console] [           main] c.i.opsconsole.ingest.IngestService      : Ingest complete: stream=BANK_CONFIRMATION sourceFileId=d913dc09-93ef-4809-8f84-10a5163f418f rows=2 errors=0 casesCreated=1 casesReopened=0
]]></system-out>
  </testcase>
</testsuite>