<?xml version="1.0" encoding="UTF-8"?>
<testsuite xmlns:xsi="http://www.w3.org/2001/XMLSchema-instance" xsi:noNamespaceSchemaLocation="https://maven.apache.org/surefire/maven-surefire-plugin/xsd/surefire-test-report-3.0.xsd" version="3.0" name="com.indira.opsconsole.security.AccessDenialTest" time="10.386" tests="7" errors="0" skipped="0" failures="0">
  <properties>
[...]
</properties>
  <testcase name="unauthenticated_imports_returns401" classname="com.indira.opsconsole.security.AccessDenialTest" time="0.126">
    <system-out><![CDATA[2026-09-22T19:17:58.389+05:30  INFO 10944 --- [ops-console] [           main] t.c.s.AnnotationConfigContextLoaderUtils : Could not detect default configuration classes for test class [com.indira.opsconsole.security.AccessDenialTest]: AccessDenialTest does not declare any static, non-private, non-final, nested classes annotated with @Configuration.
2026-09-22T19:17:58.420+05:30  INFO 10944 --- [ops-console] [           main] .b.t.c.SpringBootTestContextBootstrapper : Found @SpringBootConfiguration com.indira.opsconsole.OpsConsoleApplication for test class com.indira.opsconsole.security.AccessDenialTest

  .   ____          _            __ _ _
 /\\ / ___'_ __ _ _(_)_ __  __ _ \ \ \ \
( ( )\___ | '_ | '_| | '_ \/ _` | \ \ \ \
 \\/  ___)| |_)| | | | | || (_| |  ) ) ) )
  '  |____| .__|_| |_|_| |_\__, | / / / /
 =========|_|==============|___/=/_/_/_/
 :: Spring Boot ::                (v3.2.5)

2026-09-22T19:17:58.468+05:30  INFO 10944 --- [ops-console] [           main] c.i.o.security.AccessDenialTest          : Starting AccessDenialTest using Java 21.0.11 with PID 10944 (started by samarthgupta7909 in E:\Desktop\Projects\indiraSecurity\backend)
2026-09-22T19:17:58.470+05:30 DEBUG 10944 --- [ops-console] [           main] c.i.o.security.AccessDenialTest          : Running with Spring Boot v3.2.5, Spring v6.1.6
2026-09-22T19:17:58.470+05:30  INFO 10944 --- [ops-console] [           main] c.i.o.security.AccessDenialTest          : The following 1 profile is active: "test"
2026-09-22T19:17:59.033+05:30  INFO 10944 --- [ops-console] [           main] .s.d.r.c.RepositoryConfigurationDelegate : Bootstrapping Spring Data JPA repositories in DEFAULT mode.
2026-09-22T19:17:59.105+05:30  INFO 10944 --- [ops-console] [           main] .s.d.r.c.RepositoryConfigurationDelegate : Finished Spring Data repository scanning in 61 ms. Found 12 JPA repository interfaces.
2026-09-22T19:17:59.280+05:30  INFO 10944 --- [ops-console] [           main] com.zaxxer.hikari.HikariDataSource       : HikariPool-5 - Starting...
2026-09-22T19:17:59.283+05:30  INFO 10944 --- [ops-console] [           main] com.zaxxer.hikari.pool.HikariPool        : HikariPool-5 - Added connection org.sqlite.jdbc4.JDBC4Connection@4eff3bc6
2026-09-22T19:17:59.283+05:30  INFO 10944 --- [ops-console] [           main] com.zaxxer.hikari.HikariDataSource       : HikariPool-5 - Start completed.
2026-09-22T19:17:59.391+05:30  INFO 10944 --- [ops-console] [           main] o.hibernate.jpa.internal.util.LogHelper  : HHH000204: Processing PersistenceUnitInfo [name: default]
2026-09-22T19:17:59.397+05:30  INFO 10944 --- [ops-console] [           main] o.h.c.internal.RegionFactoryInitiator    : HHH000026: Second-level cache disabled
2026-09-22T19:17:59.405+05:30  INFO 10944 --- [ops-console] [           main] o.s.o.j.p.SpringPersistenceUnitInfo      : No LoadTimeWeaver setup: ignoring JPA class transformer
2026-09-22T19:17:59.742+05:30  INFO 10944 --- [ops-console] [           main] o.h.e.t.j.p.i.JtaPlatformInitiator       : HHH000489: No JTA platform available (set 'hibernate.transaction.jta.platform' to enable JTA platform integration)
2026-09-22T19:17:59.742+05:30  INFO 10944 --- [ops-console] [           main] j.LocalContainerEntityManagerFactoryBean : Initialized JPA EntityManagerFactory for persistence unit 'default'
2026-09-22T19:18:00.614+05:30  INFO 10944 --- [ops-console] [           main] o.s.b.a.e.web.EndpointLinksResolver      : Exposing 3 endpoint(s) beneath base path '/actuator'
2026-09-22T19:18:01.156+05:30 DEBUG 10944 --- [ops-console] [           main] c.i.opsconsole.security.JwtAuthFilter    : Filter 'jwtAuthFilter' configured for use
2026-09-22T19:18:01.158+05:30  INFO 10944 --- [ops-console] [           main] o.s.b.t.m.w.SpringBootMockServletContext : Initializing Spring TestDispatcherServlet ''
2026-09-22T19:18:01.158+05:30  INFO 10944 --- [ops-console] [           main] o.s.t.web.servlet.TestDispatcherServlet  : Initializing Servlet ''
2026-09-22T19:18:01.160+05:30  INFO 10944 --- [ops-console] [           main] o.s.t.web.servlet.TestDispatcherServlet  : Completed initialization in 2 ms
2026-09-22T19:18:01.197+05:30  INFO 10944 --- [ops-console] [           main] c.i.o.security.AccessDenialTest          : Started AccessDenialTest in 2.769 seconds (process running for 47.498)
2026-09-22T19:18:01.850+05:30 DEBUG 10944 --- [ops-console] [           main] c.indira.opsconsole.ingest.DataSeeder    : Updated BCrypt hash for user: support1
2026-09-22T19:18:02.515+05:30 DEBUG 10944 --- [ops-console] [           main] c.indira.opsconsole.ingest.DataSeeder    : Updated BCrypt hash for user: invest1
2026-09-22T19:18:03.165+05:30 DEBUG 10944 --- [ops-console] [           main] c.indira.opsconsole.ingest.DataSeeder    : Updated BCrypt hash for user: opsleader
2026-09-22T19:18:03.824+05:30 DEBUG 10944 --- [ops-console] [           main] c.indira.opsconsole.ingest.DataSeeder    : Updated BCrypt hash for user: auditor1
2026-09-22T19:18:03.825+05:30  INFO 10944 --- [ops-console] [           main] c.indira.opsconsole.ingest.DataSeeder    : Demo users seeded.
2026-09-22T19:18:03.838+05:30  INFO 10944 --- [ops-console] [           main] c.i.o.detection.CaseDetectionService     : Running case detection for cut=2024-09-16T18:00:00Z triggered by stream=HOLDINGS
2026-09-22T19:18:03.912+05:30  INFO 10944 --- [ops-console] [           main] c.i.o.detection.CaseDetectionService     : Detection complete: created=10 reopened=0 matched=0
2026-09-22T19:18:03.912+05:30  INFO 10944 --- [ops-console] [           main] c.i.opsconsole.ingest.IngestService      : Ingest complete: stream=HOLDINGS sourceFileId=41b54026-0bd1-44bf-a8d7-1050fd5a7348 rows=10 errors=0 casesCreated=10 casesReopened=0
2026-09-22T19:18:03.914+05:30  INFO 10944 --- [ops-console] [           main] c.indira.opsconsole.ingest.DataSeeder    : Seed imported: holdings_snapshot.csv rows=10 errors=0 casesCreated=10
2026-09-22T19:18:03.929+05:30  INFO 10944 --- [ops-console] [           main] c.i.o.detection.CaseDetectionService     : Running case detection for cut=2024-09-16T18:00:00Z triggered by stream=DP_EXTRACT
2026-09-22T19:18:03.994+05:30  INFO 10944 --- [ops-console] [           main] c.i.o.detection.CaseDetectionService     : Detection complete: created=4 reopened=0 matched=6
2026-09-22T19:18:03.994+05:30  INFO 10944 --- [ops-console] [           main] c.i.opsconsole.ingest.IngestService      : Ingest complete: stream=DP_EXTRACT sourceFileId=04712b8c-b712-46ec-a450-03bd7993319a rows=10 errors=0 casesCreated=4 casesReopened=0
2026-09-22T19:18:03.995+05:30  INFO 10944 --- [ops-console] [           main] c.indira.opsconsole.ingest.DataSeeder    : Seed imported: dp_extract.html rows=10 errors=0 casesCreated=4
2026-09-22T19:18:04.010+05:30  INFO 10944 --- [ops-console] [           main] c.i.o.detection.CaseDetectionService     : Running case detection for cut=2024-09-16T15:30:00Z triggered by stream=CASH_LEDGER
2026-09-22T19:18:04.016+05:30  INFO 10944 --- [ops-console] [           main] c.i.o.detection.CaseDetectionService     : Detection complete: created=0 reopened=0 matched=0
2026-09-22T19:18:04.016+05:30  INFO 10944 --- [ops-console] [           main] c.i.opsconsole.ingest.IngestService      : Ingest complete: stream=CASH_LEDGER sourceFileId=c1eceb37-a334-450a-80ae-f4dd47c806aa rows=13 errors=0 casesCreated=0 casesReopened=0
2026-09-22T19:18:04.023+05:30  INFO 10944 --- [ops-console] [           main] c.indira.opsconsole.ingest.DataSeeder    : Seed imported: cash_ledger.jsonl rows=13 errors=0 casesCreated=0
2026-09-22T19:18:04.035+05:30  INFO 10944 --- [ops-console] [           main] c.i.o.detection.CaseDetectionService     : Running case detection for cut=2024-09-16T00:00:00Z triggered by stream=BANK_CONFIRMATION
2026-09-22T19:18:04.049+05:30  INFO 10944 --- [ops-console] [           main] c.i.o.detection.CaseDetectionService     : Detection complete: created=1 reopened=0 matched=0
2026-09-22T19:18:04.050+05:30  INFO 10944 --- [ops-console] [           main] c.i.opsconsole.ingest.IngestService      : Ingest complete: stream=BANK_CONFIRMATION sourceFileId=23f65ba5-223e-449d-a08c-dfa396c5ae80 rows=11 errors=0 casesCreated=1 casesReopened=0
2026-09-22T19:18:04.052+05:30  INFO 10944 --- [ops-console] [           main] c.indira.opsconsole.ingest.DataSeeder    : Seed imported: bank_confirmation.csv rows=11 errors=0 casesCreated=1
2026-09-22T19:18:04.064+05:30  INFO 10944 --- [ops-console] [           main] c.i.o.detection.CaseDetectionService     : Running case detection for cut=2024-09-16T00:00:00Z triggered by stream=EXCHANGE_REF
2026-09-22T19:18:04.069+05:30  INFO 10944 --- [ops-console] [           main] c.i.o.detection.CaseDetectionService     : Detection complete: created=0 reopened=0 matched=0
2026-09-22T19:18:04.069+05:30  INFO 10944 --- [ops-console] [           main] c.i.opsconsole.ingest.IngestService      : Ingest complete: stream=EXCHANGE_REF sourceFileId=cd8e7a85-2eb5-4c11-90c5-87121c078de0 rows=9 errors=0 casesCreated=0 casesReopened=0
2026-09-22T19:18:04.077+05:30  INFO 10944 --- [ops-console] [           main] c.indira.opsconsole.ingest.DataSeeder    : Seed imported: exchange_reference.csv rows=9 errors=0 casesCreated=0
2026-09-22T19:18:04.087+05:30  INFO 10944 --- [ops-console] [           main] c.i.opsconsole.ingest.IngestService      : Ingest complete: stream=ACCESS_SCOPES sourceFileId=0def5613-492b-4b60-83c9-5a11ec3d44b1 rows=8 errors=0 casesCreated=0 casesReopened=0
2026-09-22T19:18:04.090+05:30  INFO 10944 --- [ops-console] [           main] c.indira.opsconsole.ingest.DataSeeder    : Seed imported: access_scopes.json rows=8 errors=0 casesCreated=0
]]></system-out>
  </testcase>
  <testcase name="support_canReadCases" classname="com.indira.opsconsole.security.AccessDenialTest" time="1.84"/>
  <testcase name="support_cannotImport" classname="com.indira.opsconsole.security.AccessDenialTest" time="0.654"/>
  <testcase name="investigator_cannotResolve" classname="com.indira.opsconsole.security.AccessDenialTest" time="0.727"/>
  <testcase name="auditor_cannotAddNote" classname="com.indira.opsconsole.security.AccessDenialTest" time="0.653"/>
  <testcase name="auditor_cannotTransition" classname="com.indira.opsconsole.security.AccessDenialTest" time="0.656"/>
  <testcase name="unauthenticated_cases_returns401" classname="com.indira.opsconsole.security.AccessDenialTest" time="0.012"/>
</testsuite>