<?xml version="1.0" encoding="UTF-8"?>
<testsuite xmlns:xsi="http://www.w3.org/2001/XMLSchema-instance" xsi:noNamespaceSchemaLocation="https://maven.apache.org/surefire/maven-surefire-plugin/xsd/surefire-test-report-3.0.xsd" version="3.0" name="com.indira.opsconsole.detection.NotePreservationTest" time="7.743" tests="2" errors="0" skipped="0" failures="0">
  <properties>
[...]
</properties>
  <testcase name="note_survivesFileCorrection" classname="com.indira.opsconsole.detection.NotePreservationTest" time="0.456">
    <system-out><![CDATA[2026-09-22T19:17:38.096+05:30  INFO 10944 --- [ops-console] [           main] t.c.s.AnnotationConfigContextLoaderUtils : Could not detect default configuration classes for test class [com.indira.opsconsole.detection.NotePreservationTest]: NotePreservationTest does not declare any static, non-private, non-final, nested classes annotated with @Configuration.
2026-09-22T19:17:38.100+05:30  INFO 10944 --- [ops-console] [           main] .b.t.c.SpringBootTestContextBootstrapper : Found @SpringBootConfiguration com.indira.opsconsole.OpsConsoleApplication for test class com.indira.opsconsole.detection.NotePreservationTest

  .   ____          _            __ _ _
 /\\ / ___'_ __ _ _(_)_ __  __ _ \ \ \ \
( ( )\___ | '_ | '_| | '_ \/ _` | \ \ \ \
 \\/  ___)| |_)| | | | | || (_| |  ) ) ) )
  '  |____| .__|_| |_|_| |_\__, | / / / /
 =========|_|==============|___/=/_/_/_/
 :: Spring Boot ::                (v3.2.5)

2026-09-22T19:17:38.184+05:30  INFO 10944 --- [ops-console] [           main] c.i.o.detection.NotePreservationTest     : Starting NotePreservationTest using Java 21.0.11 with PID 10944 (started by samarthgupta7909 in E:\Desktop\Projects\indiraSecurity\backend)
2026-09-22T19:17:38.184+05:30 DEBUG 10944 --- [ops-console] [           main] c.i.o.detection.NotePreservationTest     : Running with Spring Boot v3.2.5, Spring v6.1.6
2026-09-22T19:17:38.184+05:30  INFO 10944 --- [ops-console] [           main] c.i.o.detection.NotePreservationTest     : The following 1 profile is active: "test"
2026-09-22T19:17:39.312+05:30  INFO 10944 --- [ops-console] [           main] .s.d.r.c.RepositoryConfigurationDelegate : Bootstrapping Spring Data JPA repositories in DEFAULT mode.
2026-09-22T19:17:39.368+05:30  INFO 10944 --- [ops-console] [           main] .s.d.r.c.RepositoryConfigurationDelegate : Finished Spring Data repository scanning in 55 ms. Found 12 JPA repository interfaces.
2026-09-22T19:17:39.623+05:30  INFO 10944 --- [ops-console] [           main] com.zaxxer.hikari.HikariDataSource       : HikariPool-2 - Starting...
2026-09-22T19:17:39.625+05:30  INFO 10944 --- [ops-console] [           main] com.zaxxer.hikari.pool.HikariPool        : HikariPool-2 - Added connection org.sqlite.jdbc4.JDBC4Connection@56179575
2026-09-22T19:17:39.626+05:30  INFO 10944 --- [ops-console] [           main] com.zaxxer.hikari.HikariDataSource       : HikariPool-2 - Start completed.
2026-09-22T19:17:39.803+05:30  INFO 10944 --- [ops-console] [           main] o.hibernate.jpa.internal.util.LogHelper  : HHH000204: Processing PersistenceUnitInfo [name: default]
2026-09-22T19:17:39.812+05:30  INFO 10944 --- [ops-console] [           main] o.h.c.internal.RegionFactoryInitiator    : HHH000026: Second-level cache disabled
2026-09-22T19:17:39.822+05:30  INFO 10944 --- [ops-console] [           main] o.s.o.j.p.SpringPersistenceUnitInfo      : No LoadTimeWeaver setup: ignoring JPA class transformer
2026-09-22T19:17:40.337+05:30  INFO 10944 --- [ops-console] [           main] o.h.e.t.j.p.i.JtaPlatformInitiator       : HHH000489: No JTA platform available (set 'hibernate.transaction.jta.platform' to enable JTA platform integration)
2026-09-22T19:17:40.337+05:30  INFO 10944 --- [ops-console] [           main] j.LocalContainerEntityManagerFactoryBean : Initialized JPA EntityManagerFactory for persistence unit 'default'
2026-09-22T19:17:41.537+05:30  INFO 10944 --- [ops-console] [           main] o.s.b.a.e.web.EndpointLinksResolver      : Exposing 3 endpoint(s) beneath base path '/actuator'
2026-09-22T19:17:42.151+05:30  INFO 10944 --- [ops-console] [           main] c.i.o.detection.NotePreservationTest     : Started NotePreservationTest in 4.042 seconds (process running for 28.449)
2026-09-22T19:17:42.795+05:30 DEBUG 10944 --- [ops-console] [           main] c.indira.opsconsole.ingest.DataSeeder    : Updated BCrypt hash for user: support1
2026-09-22T19:17:43.419+05:30 DEBUG 10944 --- [ops-console] [           main] c.indira.opsconsole.ingest.DataSeeder    : Updated BCrypt hash for user: invest1
2026-09-22T19:17:44.050+05:30 DEBUG 10944 --- [ops-console] [           main] c.indira.opsconsole.ingest.DataSeeder    : Updated BCrypt hash for user: opsleader
2026-09-22T19:17:44.696+05:30 DEBUG 10944 --- [ops-console] [           main] c.indira.opsconsole.ingest.DataSeeder    : Updated BCrypt hash for user: auditor1
2026-09-22T19:17:44.696+05:30  INFO 10944 --- [ops-console] [           main] c.indira.opsconsole.ingest.DataSeeder    : Demo users seeded.
2026-09-22T19:17:44.713+05:30  INFO 10944 --- [ops-console] [           main] c.i.o.detection.CaseDetectionService     : Running case detection for cut=2024-09-16T18:00:00Z triggered by stream=HOLDINGS
2026-09-22T19:17:44.830+05:30  INFO 10944 --- [ops-console] [           main] c.i.o.detection.CaseDetectionService     : Detection complete: created=10 reopened=0 matched=0
2026-09-22T19:17:44.830+05:30  INFO 10944 --- [ops-console] [           main] c.i.opsconsole.ingest.IngestService      : Ingest complete: stream=HOLDINGS sourceFileId=3537f712-ea78-4b39-adb3-8e800475c665 rows=10 errors=0 casesCreated=10 casesReopened=0
2026-09-22T19:17:44.834+05:30  INFO 10944 --- [ops-console] [           main] c.indira.opsconsole.ingest.DataSeeder    : Seed imported: holdings_snapshot.csv rows=10 errors=0 casesCreated=10
2026-09-22T19:17:44.867+05:30  INFO 10944 --- [ops-console] [           main] c.i.o.detection.CaseDetectionService     : Running case detection for cut=2024-09-16T18:00:00Z triggered by stream=DP_EXTRACT
2026-09-22T19:17:44.996+05:30  INFO 10944 --- [ops-console] [           main] c.i.o.detection.CaseDetectionService     : Detection complete: created=4 reopened=0 matched=6
2026-09-22T19:17:44.996+05:30  INFO 10944 --- [ops-console] [           main] c.i.opsconsole.ingest.IngestService      : Ingest complete: stream=DP_EXTRACT sourceFileId=60f07599-5b7d-4fc1-8551-30544fbe5161 rows=10 errors=0 casesCreated=4 casesReopened=0
2026-09-22T19:17:44.996+05:30  INFO 10944 --- [ops-console] [           main] c.indira.opsconsole.ingest.DataSeeder    : Seed imported: dp_extract.html rows=10 errors=0 casesCreated=4
2026-09-22T19:17:45.010+05:30  INFO 10944 --- [ops-console] [           main] c.i.o.detection.CaseDetectionService     : Running case detection for cut=2024-09-16T15:30:00Z triggered by stream=CASH_LEDGER
2026-09-22T19:17:45.020+05:30  INFO 10944 --- [ops-console] [           main] c.i.o.detection.CaseDetectionService     : Detection complete: created=0 reopened=0 matched=0
2026-09-22T19:17:45.020+05:30  INFO 10944 --- [ops-console] [           main] c.i.opsconsole.ingest.IngestService      : Ingest complete: stream=CASH_LEDGER sourceFileId=b5996bb3-d4a6-4fe9-aae8-fd2bd25e2261 rows=13 errors=0 casesCreated=0 casesReopened=0
2026-09-22T19:17:45.029+05:30  INFO 10944 --- [ops-console] [           main] c.indira.opsconsole.ingest.DataSeeder    : Seed imported: cash_ledger.jsonl rows=13 errors=0 casesCreated=0
2026-09-22T19:17:45.045+05:30  INFO 10944 --- [ops-console] [           main] c.i.o.detection.CaseDetectionService     : Running case detection for cut=2024-09-16T00:00:00Z triggered by stream=BANK_CONFIRMATION
2026-09-22T19:17:45.068+05:30  INFO 10944 --- [ops-console] [           main] c.i.o.detection.CaseDetectionService     : Detection complete: created=1 reopened=0 matched=0
2026-09-22T19:17:45.070+05:30  INFO 10944 --- [ops-console] [           main] c.i.opsconsole.ingest.IngestService      : Ingest complete: stream=BANK_CONFIRMATION sourceFileId=f2552987-2111-4b92-8d18-d13040fd19e4 rows=11 errors=0 casesCreated=1 casesReopened=0
2026-09-22T19:17:45.072+05:30  INFO 10944 --- [ops-console] [           main] c.indira.opsconsole.ingest.DataSeeder    : Seed imported: bank_confirmation.csv rows=11 errors=0 casesCreated=1
2026-09-22T19:17:45.086+05:30  INFO 10944 --- [ops-console] [           main] c.i.o.detection.CaseDetectionService     : Running case detection for cut=2024-09-16T00:00:00Z triggered by stream=EXCHANGE_REF
2026-09-22T19:17:45.090+05:30  INFO 10944 --- [ops-console] [           main] c.i.o.detection.CaseDetectionService     : Detection complete: created=0 reopened=0 matched=0
2026-09-22T19:17:45.092+05:30  INFO 10944 --- [ops-console] [           main] c.i.opsconsole.ingest.IngestService      : Ingest complete: stream=EXCHANGE_REF sourceFileId=3b900477-1875-483a-9159-c8a02602e0d1 rows=9 errors=0 casesCreated=0 casesReopened=0
2026-09-22T19:17:45.100+05:30  INFO 10944 --- [ops-console] [           main] c.indira.opsconsole.ingest.DataSeeder    : Seed imported: exchange_reference.csv rows=9 errors=0 casesCreated=0
2026-09-22T19:17:45.110+05:30  INFO 10944 --- [ops-console] [           main] c.i.opsconsole.ingest.IngestService      : Ingest complete: stream=ACCESS_SCOPES sourceFileId=b9c98cb1-92e1-4f40-b597-0c90a367e153 rows=8 errors=0 casesCreated=0 casesReopened=0
2026-09-22T19:17:45.114+05:30  INFO 10944 --- [ops-console] [           main] c.indira.opsconsole.ingest.DataSeeder    : Seed imported: access_scopes.json rows=8 errors=0 casesCreated=0
2026-09-22T19:17:45.138+05:30  INFO 10944 --- [ops-console] [           main] c.i.o.detection.CaseDetectionService     : Running case detection for cut=2024-09-16T18:00:00Z triggered by stream=HOLDINGS
2026-09-22T19:17:45.260+05:30  INFO 10944 --- [ops-console] [           main] c.i.o.detection.CaseDetectionService     : Detection complete: created=0 reopened=0 matched=6
2026-09-22T19:17:45.260+05:30  INFO 10944 --- [ops-console] [           main] c.i.opsconsole.ingest.IngestService      : Ingest complete: stream=HOLDINGS sourceFileId=2447b416-830b-42cf-9a18-47e6b1fb1d49 rows=1 errors=0 casesCreated=0 casesReopened=0
2026-09-22T19:17:45.266+05:30  INFO 10944 --- [ops-console] [           main] c.i.o.detection.CaseDetectionService     : Running case detection for cut=2024-09-16T18:00:00Z triggered by stream=DP_EXTRACT
2026-09-22T19:17:45.373+05:30  INFO 10944 --- [ops-console] [           main] c.i.o.detection.CaseDetectionService     : Detection complete: created=0 reopened=0 matched=6
2026-09-22T19:17:45.373+05:30  INFO 10944 --- [ops-console] [           main] c.i.opsconsole.ingest.IngestService      : Ingest complete: stream=DP_EXTRACT sourceFileId=377cc74c-86aa-43a6-ad9c-3a4f511e4a05 rows=1 errors=0 casesCreated=0 casesReopened=0
2026-09-22T19:17:45.463+05:30  INFO 10944 --- [ops-console] [           main] c.i.o.detection.CaseDetectionService     : Running case detection for cut=2024-09-16T18:00:00Z triggered by stream=DP_EXTRACT
2026-09-22T19:17:45.565+05:30  INFO 10944 --- [ops-console] [           main] c.i.o.detection.CaseDetectionService     : Detection complete: created=0 reopened=0 matched=6
2026-09-22T19:17:45.565+05:30  INFO 10944 --- [ops-console] [           main] c.i.opsconsole.ingest.IngestService      : Ingest complete: stream=DP_EXTRACT sourceFileId=f68e9fb9-ce98-472a-a0af-c253214157d3 rows=1 errors=0 casesCreated=0 casesReopened=0
]]></system-out>
  </testcase>
  <testcase name="idempotentReimport_doesNotDuplicateNotes" classname="com.indira.opsconsole.detection.NotePreservationTest" time="0.253">
    <system-out><![CDATA[2026-09-22T19:17:45.593+05:30  INFO 10944 --- [ops-console] [           main] c.i.o.detection.CaseDetectionService     : Running case detection for cut=2024-09-16T18:00:00Z triggered by stream=HOLDINGS
2026-09-22T19:17:45.707+05:30  INFO 10944 --- [ops-console] [           main] c.i.o.detection.CaseDetectionService     : Detection complete: created=0 reopened=0 matched=6
2026-09-22T19:17:45.709+05:30  INFO 10944 --- [ops-console] [           main] c.i.opsconsole.ingest.IngestService      : Ingest complete: stream=HOLDINGS sourceFileId=56db51a8-227b-4201-8b4c-b851fc8bf89e rows=1 errors=0 casesCreated=0 casesReopened=0
2026-09-22T19:17:45.715+05:30  INFO 10944 --- [ops-console] [           main] c.i.o.detection.CaseDetectionService     : Running case detection for cut=2024-09-16T18:00:00Z triggered by stream=DP_EXTRACT
2026-09-22T19:17:45.792+05:30  INFO 10944 --- [ops-console] [           main] c.i.o.detection.CaseDetectionService     : Detection complete: created=0 reopened=0 matched=6
2026-09-22T19:17:45.792+05:30  INFO 10944 --- [ops-console] [           main] c.i.opsconsole.ingest.IngestService      : Ingest complete: stream=DP_EXTRACT sourceFileId=f327dce2-d64f-43e0-92ea-1676ed9ea56a rows=1 errors=0 casesCreated=0 casesReopened=0
2026-09-22T19:17:45.823+05:30  INFO 10944 --- [ops-console] [           main] c.i.opsconsole.ingest.IngestService      : Idempotent import: stream=DP_EXTRACT hash=8a99d8e84a328807037c5f00d276487e245881dc69610dbf51dc1c1394513bd3 existingId=f327dce2-d64f-43e0-92ea-1676ed9ea56a
]]></system-out>
  </testcase>
</testsuite>